02/12/2021 14:12:46 Addition Complete for Input file Addition.csv and the result is
1     25
2     101
3     126
4     83
5     91
6     85
Name: Addition, dtype: int64
02/12/2021 14:12:46 Division Complete for Input file Division.csv and the result is
1     4
2     1.404761905
3     2.705882353
4     3.882352941
5     5.066666667
6     1.297297297
Name: Division, dtype: float64
02/12/2021 14:12:46 Multiplication Complete for Input file Multiplication.csv and the result is
1     100
2     2478
3     3128
4     1122
5     1140
6     1776
Name: Multiplication, dtype: int64
02/12/2021 14:12:46 Subtraction Complete for Input file Subtraction.csv and the result is
1     15
2     17
3     58
4     49
5     61
6     11
Name: Subtraction, dtype: int64


